\BOOKMARK [1][-]{section.1}{\376\377\000I\000n\000t\000r\000o\000d\000u\000c\000t\000i\000o\000n}{}% 1
\BOOKMARK [1][-]{section.2}{\376\377\000F\000I\000S\000T\000A\000\040\000A\000l\000g\000o\000r\000i\000t\000h\000m}{}% 2
\BOOKMARK [2][-]{subsection.2.1}{\376\377\000O\000v\000e\000r\000v\000i\000e\000w\000\040\000a\000n\000d\000\040\000M\000o\000t\000i\000v\000a\000t\000i\000o\000n}{section.2}% 3
\BOOKMARK [2][-]{subsection.2.2}{\376\377\000I\000m\000p\000l\000e\000m\000e\000n\000t\000a\000t\000i\000o\000n\000\040\000D\000e\000t\000a\000i\000l\000s}{section.2}% 4
\BOOKMARK [1][-]{section.3}{\376\377\000U\000n\000l\000a\000b\000e\000l\000e\000d\000L\000o\000g\000R\000e\000g\000\040\000I\000m\000p\000l\000e\000m\000e\000n\000t\000a\000t\000i\000o\000n}{}% 5
\BOOKMARK [2][-]{subsection.3.1}{\376\377\000P\000r\000e\000d\000i\000c\000t\000i\000o\000n\000,\000\040\000C\000l\000a\000s\000s\000i\000f\000i\000c\000a\000t\000i\000o\000n\000\040\000a\000n\000d\000\040\000M\000o\000d\000e\000l\000\040\000E\000v\000a\000l\000u\000a\000t\000i\000o\000n}{section.3}% 6
\BOOKMARK [1][-]{section.4}{\376\377\000E\000x\000p\000e\000r\000i\000m\000e\000n\000t\000a\000l\000\040\000R\000e\000s\000u\000l\000t\000s\000\040\000a\000n\000d\000\040\000A\000n\000a\000l\000y\000s\000i\000s}{}% 7
\BOOKMARK [2][-]{subsection.4.1}{\376\377\000S\000c\000o\000p\000e\000\040\000o\000f\000\040\000t\000h\000e\000\040\000E\000x\000p\000e\000r\000i\000m\000e\000n\000t\000s}{section.4}% 8
\BOOKMARK [3][-]{subsubsection.4.1.1}{\376\377\000E\000v\000a\000l\000u\000a\000t\000e\000d\000\040\000M\000o\000d\000e\000l\000s}{subsection.4.1}% 9
\BOOKMARK [2][-]{subsection.4.2}{\376\377\000G\000e\000n\000e\000r\000a\000l\000\040\000P\000e\000r\000f\000o\000r\000m\000a\000n\000c\000e\000\040\000\050\000M\000C\000A\000R\000,\000\040\000M\000A\000R\0001\000,\000\040\000M\000A\000R\0002\000\051}{section.4}% 10
\BOOKMARK [2][-]{subsection.4.3}{\376\377\000T\000h\000e\000\040\000M\000N\000A\000R\000\040\000A\000n\000o\000m\000a\000l\000y\000:\000\040\000A\000\040\000C\000o\000m\000p\000l\000e\000t\000e\000\040\000M\000o\000d\000e\000l\000\040\000C\000o\000l\000l\000a\000p\000s\000e}{section.4}% 11
\BOOKMARK [2][-]{subsection.4.4}{\376\377\000S\000e\000n\000s\000i\000t\000i\000v\000i\000t\000y\000\040\000A\000n\000a\000l\000y\000s\000i\000s\000:\000\040\000I\000m\000p\000a\000c\000t\000\040\000o\000f\000\040\000t\000h\000e\000\040\000M\000i\000s\000s\000i\000n\000g\000\040\000R\000a\000t\000e\000\040\000\050\000M\000C\000A\000R\000\051}{section.4}% 12
\BOOKMARK [1][-]{section.5}{\376\377\000C\000o\000d\000e\000\040\000A\000v\000a\000i\000l\000a\000b\000i\000l\000i\000t\000y}{}% 13
\BOOKMARK [1][-]{section.6}{\376\377\000R\000e\000f\000e\000r\000e\000n\000c\000e\000s}{}% 14
\BOOKMARK [1][-]{appendix.A}{\376\377\000H\000a\000n\000d\000l\000i\000n\000g\000\040\000M\000i\000s\000s\000i\000n\000g\000\040\000D\000a\000t\000a}{}% 15
\BOOKMARK [2][-]{subsection.A.1}{\376\377\000M\000C\000A\000R}{appendix.A}% 16
\BOOKMARK [2][-]{subsection.A.2}{\376\377\000M\000A\000R\0001}{appendix.A}% 17
\BOOKMARK [2][-]{subsection.A.3}{\376\377\000M\000A\000R\0002}{appendix.A}% 18
\BOOKMARK [2][-]{subsection.A.4}{\376\377\000M\000N\000A\000R}{appendix.A}% 19
\BOOKMARK [1][-]{appendix.B}{\376\377\000P\000r\000e\000p\000a\000r\000i\000n\000g\000\040\000D\000a\000t\000a\000s\000e\000t\000s}{}% 20
